<?xml version="1.0" encoding="UTF-8"?>
<testsuite xmlns:xsi="http://www.w3.org/2001/XMLSchema-instance" xsi:noNamespaceSchemaLocation="https://maven.apache.org/surefire/maven-surefire-plugin/xsd/surefire-test-report-3.0.xsd" version="3.0" name="com.lukeware.repository.CotacaoPesquisadorRepositoryTest" time="0.04" tests="2" errors="0" skipped="0" failures="0">
  <properties>
    <property name="java.specification.version" value="17"/>
    <property name="sun.jnu.encoding" value="UTF-8"/>
    <property name="java.class.path" value="/Users/diegomorais/workspace/testes-tecnico/api-dollar-counting/framework-spring/target/test-classes:/Users/diegomorais/workspace/testes-tecnico/api-dollar-counting/framework-spring/target/classes:/Users/diegomorais/.m2/repository/org/springframework/boot/spring-boot-starter-web/2.6.6/spring-boot-starter-web-2.6.6.jar:/Users/diegomorais/.m2/repository/org/springframework/boot/spring-boot-starter/2.6.6/spring-boot-starter-2.6.6.jar:/Users/diegomorais/.m2/repository/org/springframework/boot/spring-boot/2.6.6/spring-boot-2.6.6.jar:/Users/diegomorais/.m2/repository/org/springframework/boot/spring-boot-autoconfigure/2.6.6/spring-boot-autoconfigure-2.6.6.jar:/Users/diegomorais/.m2/repository/org/springframework/boot/spring-boot-starter-logging/2.6.6/spring-boot-starter-logging-2.6.6.jar:/Users/diegomorais/.m2/repository/ch/qos/logback/logback-classic/1.2.11/logback-classic-1.2.11.jar:/Users/diegomorais/.m2/repository/ch/qos/logback/logback-core/1.2.11/logback-core-1.2.11.jar:/Users/diegomorais/.m2/repository/org/apache/logging/log4j/log4j-to-slf4j/2.17.2/log4j-to-slf4j-2.17.2.jar:/Users/diegomorais/.m2/repository/org/apache/logging/log4j/log4j-api/2.17.2/log4j-api-2.17.2.jar:/Users/diegomorais/.m2/repository/org/slf4j/jul-to-slf4j/1.7.36/jul-to-slf4j-1.7.36.jar:/Users/diegomorais/.m2/repository/jakarta/annotation/jakarta.annotation-api/1.3.5/jakarta.annotation-api-1.3.5.jar:/Users/diegomorais/.m2/repository/org/springframework/spring-core/5.3.18/spring-core-5.3.18.jar:/Users/diegomorais/.m2/repository/org/springframework/spring-jcl/5.3.18/spring-jcl-5.3.18.jar:/Users/diegomorais/.m2/repository/org/yaml/snakeyaml/1.29/snakeyaml-1.29.jar:/Users/diegomorais/.m2/repository/org/springframework/boot/spring-boot-starter-json/2.6.6/spring-boot-starter-json-2.6.6.jar:/Users/diegomorais/.m2/repository/com/fasterxml/jackson/core/jackson-databind/2.13.2.2/jackson-databind-2.13.2.2.jar:/Users/diegomorais/.m2/repository/com/fasterxml/jackson/core/jackson-annotations/2.13.2/jackson-annotations-2.13.2.jar:/Users/diegomorais/.m2/repository/com/fasterxml/jackson/core/jackson-core/2.13.2/jackson-core-2.13.2.jar:/Users/diegomorais/.m2/repository/com/fasterxml/jackson/datatype/jackson-datatype-jdk8/2.13.2/jackson-datatype-jdk8-2.13.2.jar:/Users/diegomorais/.m2/repository/com/fasterxml/jackson/datatype/jackson-datatype-jsr310/2.13.2/jackson-datatype-jsr310-2.13.2.jar:/Users/diegomorais/.m2/repository/com/fasterxml/jackson/module/jackson-module-parameter-names/2.13.2/jackson-module-parameter-names-2.13.2.jar:/Users/diegomorais/.m2/repository/org/springframework/boot/spring-boot-starter-tomcat/2.6.6/spring-boot-starter-tomcat-2.6.6.jar:/Users/diegomorais/.m2/repository/org/apache/tomcat/embed/tomcat-embed-core/9.0.60/tomcat-embed-core-9.0.60.jar:/Users/diegomorais/.m2/repository/org/apache/tomcat/embed/tomcat-embed-el/9.0.60/tomcat-embed-el-9.0.60.jar:/Users/diegomorais/.m2/repository/org/apache/tomcat/embed/tomcat-embed-websocket/9.0.60/tomcat-embed-websocket-9.0.60.jar:/Users/diegomorais/.m2/repository/org/springframework/spring-web/5.3.18/spring-web-5.3.18.jar:/Users/diegomorais/.m2/repository/org/springframework/spring-beans/5.3.18/spring-beans-5.3.18.jar:/Users/diegomorais/.m2/repository/org/springframework/spring-webmvc/5.3.18/spring-webmvc-5.3.18.jar:/Users/diegomorais/.m2/repository/org/springframework/spring-aop/5.3.18/spring-aop-5.3.18.jar:/Users/diegomorais/.m2/repository/org/springframework/spring-context/5.3.18/spring-context-5.3.18.jar:/Users/diegomorais/.m2/repository/org/springframework/spring-expression/5.3.18/spring-expression-5.3.18.jar:/Users/diegomorais/.m2/repository/org/springframework/boot/spring-boot-starter-data-mongodb/2.6.6/spring-boot-starter-data-mongodb-2.6.6.jar:/Users/diegomorais/.m2/repository/org/mongodb/mongodb-driver-sync/4.4.2/mongodb-driver-sync-4.4.2.jar:/Users/diegomorais/.m2/repository/org/mongodb/bson/4.4.2/bson-4.4.2.jar:/Users/diegomorais/.m2/repository/org/mongodb/mongodb-driver-core/4.4.2/mongodb-driver-core-4.4.2.jar:/Users/diegomorais/.m2/repository/org/springframework/data/spring-data-mongodb/3.3.3/spring-data-mongodb-3.3.3.jar:/Users/diegomorais/.m2/repository/org/springframework/spring-tx/5.3.18/spring-tx-5.3.18.jar:/Users/diegomorais/.m2/repository/org/springframework/data/spring-data-commons/2.6.3/spring-data-commons-2.6.3.jar:/Users/diegomorais/.m2/repository/org/slf4j/slf4j-api/1.7.36/slf4j-api-1.7.36.jar:/Users/diegomorais/workspace/testes-tecnico/api-dollar-counting/interface-adapter/target/interface-adapter-1.0-SNAPSHOT.jar:/Users/diegomorais/workspace/testes-tecnico/api-dollar-counting/use-cases/target/use-cases-1.0-SNAPSHOT.jar:/Users/diegomorais/workspace/testes-tecnico/api-dollar-counting/entities/target/entities-1.0-SNAPSHOT.jar:/Users/diegomorais/.m2/repository/org/projectlombok/lombok/1.18.22/lombok-1.18.22.jar:/Users/diegomorais/.m2/repository/org/junit/jupiter/junit-jupiter-api/5.8.2/junit-jupiter-api-5.8.2.jar:/Users/diegomorais/.m2/repository/org/opentest4j/opentest4j/1.2.0/opentest4j-1.2.0.jar:/Users/diegomorais/.m2/repository/org/junit/platform/junit-platform-commons/1.8.2/junit-platform-commons-1.8.2.jar:/Users/diegomorais/.m2/repository/org/apiguardian/apiguardian-api/1.1.2/apiguardian-api-1.1.2.jar:/Users/diegomorais/.m2/repository/org/assertj/assertj-core/3.22.0/assertj-core-3.22.0.jar:/Users/diegomorais/.m2/repository/org/mockito/mockito-core/4.4.0/mockito-core-4.4.0.jar:/Users/diegomorais/.m2/repository/net/bytebuddy/byte-buddy/1.11.22/byte-buddy-1.11.22.jar:/Users/diegomorais/.m2/repository/net/bytebuddy/byte-buddy-agent/1.11.22/byte-buddy-agent-1.11.22.jar:/Users/diegomorais/.m2/repository/org/objenesis/objenesis/3.2/objenesis-3.2.jar:"/>
    <property name="java.vm.vendor" value="Amazon.com Inc."/>
    <property name="sun.arch.data.model" value="64"/>
    <property name="java.vendor.url" value="https://aws.amazon.com/corretto/"/>
    <property name="user.timezone" value="America/Sao_Paulo"/>
    <property name="os.name" value="Mac OS X"/>
    <property name="java.vm.specification.version" value="17"/>
    <property name="sun.java.launcher" value="SUN_STANDARD"/>
    <property name="user.country" value="BR"/>
    <property name="sun.boot.library.path" value="/Users/diegomorais/Library/Java/JavaVirtualMachines/corretto-17.0.2/Contents/Home/lib"/>
    <property name="sun.java.command" value="/Users/diegomorais/workspace/testes-tecnico/api-dollar-counting/framework-spring/target/surefire/surefirebooter1406573126029441107.jar /Users/diegomorais/workspace/testes-tecnico/api-dollar-counting/framework-spring/target/surefire 2022-04-02T16-17-37_482-jvmRun1 surefire17160563545960337776tmp surefire_313440426584278540059tmp"/>
    <property name="http.nonProxyHosts" value="local|*.local|169.254/16|*.169.254/16"/>
    <property name="jdk.debug" value="release"/>
    <property name="surefire.test.class.path" value="/Users/diegomorais/workspace/testes-tecnico/api-dollar-counting/framework-spring/target/test-classes:/Users/diegomorais/workspace/testes-tecnico/api-dollar-counting/framework-spring/target/classes:/Users/diegomorais/.m2/repository/org/springframework/boot/spring-boot-starter-web/2.6.6/spring-boot-starter-web-2.6.6.jar:/Users/diegomorais/.m2/repository/org/springframework/boot/spring-boot-starter/2.6.6/spring-boot-starter-2.6.6.jar:/Users/diegomorais/.m2/repository/org/springframework/boot/spring-boot/2.6.6/spring-boot-2.6.6.jar:/Users/diegomorais/.m2/repository/org/springframework/boot/spring-boot-autoconfigure/2.6.6/spring-boot-autoconfigure-2.6.6.jar:/Users/diegomorais/.m2/repository/org/springframework/boot/spring-boot-starter-logging/2.6.6/spring-boot-starter-logging-2.6.6.jar:/Users/diegomorais/.m2/repository/ch/qos/logback/logback-classic/1.2.11/logback-classic-1.2.11.jar:/Users/diegomorais/.m2/repository/ch/qos/logback/logback-core/1.2.11/logback-core-1.2.11.jar:/Users/diegomorais/.m2/repository/org/apache/logging/log4j/log4j-to-slf4j/2.17.2/log4j-to-slf4j-2.17.2.jar:/Users/diegomorais/.m2/repository/org/apache/logging/log4j/log4j-api/2.17.2/log4j-api-2.17.2.jar:/Users/diegomorais/.m2/repository/org/slf4j/jul-to-slf4j/1.7.36/jul-to-slf4j-1.7.36.jar:/Users/diegomorais/.m2/repository/jakarta/annotation/jakarta.annotation-api/1.3.5/jakarta.annotation-api-1.3.5.jar:/Users/diegomorais/.m2/repository/org/springframework/spring-core/5.3.18/spring-core-5.3.18.jar:/Users/diegomorais/.m2/repository/org/springframework/spring-jcl/5.3.18/spring-jcl-5.3.18.jar:/Users/diegomorais/.m2/repository/org/yaml/snakeyaml/1.29/snakeyaml-1.29.jar:/Users/diegomorais/.m2/repository/org/springframework/boot/spring-boot-starter-json/2.6.6/spring-boot-starter-json-2.6.6.jar:/Users/diegomorais/.m2/repository/com/fasterxml/jackson/core/jackson-databind/2.13.2.2/jackson-databind-2.13.2.2.jar:/Users/diegomorais/.m2/repository/com/fasterxml/jackson/core/jackson-annotations/2.13.2/jackson-annotations-2.13.2.jar:/Users/diegomorais/.m2/repository/com/fasterxml/jackson/core/jackson-core/2.13.2/jackson-core-2.13.2.jar:/Users/diegomorais/.m2/repository/com/fasterxml/jackson/datatype/jackson-datatype-jdk8/2.13.2/jackson-datatype-jdk8-2.13.2.jar:/Users/diegomorais/.m2/repository/com/fasterxml/jackson/datatype/jackson-datatype-jsr310/2.13.2/jackson-datatype-jsr310-2.13.2.jar:/Users/diegomorais/.m2/repository/com/fasterxml/jackson/module/jackson-module-parameter-names/2.13.2/jackson-module-parameter-names-2.13.2.jar:/Users/diegomorais/.m2/repository/org/springframework/boot/spring-boot-starter-tomcat/2.6.6/spring-boot-starter-tomcat-2.6.6.jar:/Users/diegomorais/.m2/repository/org/apache/tomcat/embed/tomcat-embed-core/9.0.60/tomcat-embed-core-9.0.60.jar:/Users/diegomorais/.m2/repository/org/apache/tomcat/embed/tomcat-embed-el/9.0.60/tomcat-embed-el-9.0.60.jar:/Users/diegomorais/.m2/repository/org/apache/tomcat/embed/tomcat-embed-websocket/9.0.60/tomcat-embed-websocket-9.0.60.jar:/Users/diegomorais/.m2/repository/org/springframework/spring-web/5.3.18/spring-web-5.3.18.jar:/Users/diegomorais/.m2/repository/org/springframework/spring-beans/5.3.18/spring-beans-5.3.18.jar:/Users/diegomorais/.m2/repository/org/springframework/spring-webmvc/5.3.18/spring-webmvc-5.3.18.jar:/Users/diegomorais/.m2/repository/org/springframework/spring-aop/5.3.18/spring-aop-5.3.18.jar:/Users/diegomorais/.m2/repository/org/springframework/spring-context/5.3.18/spring-context-5.3.18.jar:/Users/diegomorais/.m2/repository/org/springframework/spring-expression/5.3.18/spring-expression-5.3.18.jar:/Users/diegomorais/.m2/repository/org/springframework/boot/spring-boot-starter-data-mongodb/2.6.6/spring-boot-starter-data-mongodb-2.6.6.jar:/Users/diegomorais/.m2/repository/org/mongodb/mongodb-driver-sync/4.4.2/mongodb-driver-sync-4.4.2.jar:/Users/diegomorais/.m2/repository/org/mongodb/bson/4.4.2/bson-4.4.2.jar:/Users/diegomorais/.m2/repository/org/mongodb/mongodb-driver-core/4.4.2/mongodb-driver-core-4.4.2.jar:/Users/diegomorais/.m2/repository/org/springframework/data/spring-data-mongodb/3.3.3/spring-data-mongodb-3.3.3.jar:/Users/diegomorais/.m2/repository/org/springframework/spring-tx/5.3.18/spring-tx-5.3.18.jar:/Users/diegomorais/.m2/repository/org/springframework/data/spring-data-commons/2.6.3/spring-data-commons-2.6.3.jar:/Users/diegomorais/.m2/repository/org/slf4j/slf4j-api/1.7.36/slf4j-api-1.7.36.jar:/Users/diegomorais/workspace/testes-tecnico/api-dollar-counting/interface-adapter/target/interface-adapter-1.0-SNAPSHOT.jar:/Users/diegomorais/workspace/testes-tecnico/api-dollar-counting/use-cases/target/use-cases-1.0-SNAPSHOT.jar:/Users/diegomorais/workspace/testes-tecnico/api-dollar-counting/entities/target/entities-1.0-SNAPSHOT.jar:/Users/diegomorais/.m2/repository/org/projectlombok/lombok/1.18.22/lombok-1.18.22.jar:/Users/diegomorais/.m2/repository/org/junit/jupiter/junit-jupiter-api/5.8.2/junit-jupiter-api-5.8.2.jar:/Users/diegomorais/.m2/repository/org/opentest4j/opentest4j/1.2.0/opentest4j-1.2.0.jar:/Users/diegomorais/.m2/repository/org/junit/platform/junit-platform-commons/1.8.2/junit-platform-commons-1.8.2.jar:/Users/diegomorais/.m2/repository/org/apiguardian/apiguardian-api/1.1.2/apiguardian-api-1.1.2.jar:/Users/diegomorais/.m2/repository/org/assertj/assertj-core/3.22.0/assertj-core-3.22.0.jar:/Users/diegomorais/.m2/repository/org/mockito/mockito-core/4.4.0/mockito-core-4.4.0.jar:/Users/diegomorais/.m2/repository/net/bytebuddy/byte-buddy/1.11.22/byte-buddy-1.11.22.jar:/Users/diegomorais/.m2/repository/net/bytebuddy/byte-buddy-agent/1.11.22/byte-buddy-agent-1.11.22.jar:/Users/diegomorais/.m2/repository/org/objenesis/objenesis/3.2/objenesis-3.2.jar:"/>
    <property name="sun.cpu.endian" value="little"/>
    <property name="user.home" value="/Users/diegomorais"/>
    <property name="user.language" value="en"/>
    <property name="java.specification.vendor" value="Oracle Corporation"/>
    <property name="java.version.date" value="2022-01-18"/>
    <property name="java.home" value="/Users/diegomorais/Library/Java/JavaVirtualMachines/corretto-17.0.2/Contents/Home"/>
    <property name="file.separator" value="/"/>
    <property name="basedir" value="/Users/diegomorais/workspace/testes-tecnico/api-dollar-counting/framework-spring"/>
    <property name="java.vm.compressedOopsMode" value="Zero based"/>
    <property name="line.separator" value="&#10;"/>
    <property name="java.vm.specification.vendor" value="Oracle Corporation"/>
    <property name="java.specification.name" value="Java Platform API Specification"/>
    <property name="surefire.real.class.path" value="/Users/diegomorais/workspace/testes-tecnico/api-dollar-counting/framework-spring/target/surefire/surefirebooter1406573126029441107.jar"/>
    <property name="sun.management.compiler" value="HotSpot 64-Bit Tiered Compilers"/>
    <property name="ftp.nonProxyHosts" value="local|*.local|169.254/16|*.169.254/16"/>
    <property name="java.runtime.version" value="17.0.2+8-LTS"/>
    <property name="user.name" value="diegomorais"/>
    <property name="path.separator" value=":"/>
    <property name="os.version" value="10.15.7"/>
    <property name="java.runtime.name" value="OpenJDK Runtime Environment"/>
    <property name="file.encoding" value="UTF-8"/>
    <property name="java.vm.name" value="OpenJDK 64-Bit Server VM"/>
    <property name="java.vendor.version" value="Corretto-17.0.2.8.1"/>
    <property name="localRepository" value="/Users/diegomorais/.m2/repository"/>
    <property name="java.vendor.url.bug" value="https://github.com/corretto/corretto-17/issues/"/>
    <property name="java.io.tmpdir" value="/var/folders/4h/gb_pnwvd66b3pn1knvgg2qg40000gn/T/"/>
    <property name="idea.version" value="2021.3.2"/>
    <property name="java.version" value="17.0.2"/>
    <property name="user.dir" value="/Users/diegomorais/workspace/testes-tecnico/api-dollar-counting/framework-spring"/>
    <property name="os.arch" value="x86_64"/>
    <property name="java.vm.specification.name" value="Java Virtual Machine Specification"/>
    <property name="native.encoding" value="UTF-8"/>
    <property name="java.library.path" value="/Users/diegomorais/Library/Java/Extensions:/Library/Java/Extensions:/Network/Library/Java/Extensions:/System/Library/Java/Extensions:/usr/lib/java:."/>
    <property name="java.vm.info" value="mixed mode, sharing"/>
    <property name="java.vendor" value="Amazon.com Inc."/>
    <property name="java.vm.version" value="17.0.2+8-LTS"/>
    <property name="sun.io.unicode.encoding" value="UnicodeBig"/>
    <property name="socksNonProxyHosts" value="local|*.local|169.254/16|*.169.254/16"/>
    <property name="java.class.version" value="61.0"/>
  </properties>
  <testcase name="buscando_a_cotacao_entre_duas_datas" classname="com.lukeware.repository.CotacaoPesquisadorRepositoryTest" time="0.03"/>
  <testcase name="buscando_a_cotacao_do_dia_no_banco" classname="com.lukeware.repository.CotacaoPesquisadorRepositoryTest" time="0.006"/>
</testsuite>